May 04, 2017 3:28:29 PM org.apache.catalina.startup.VersionLoggerListener log
INFO: Server version:        Apache Tomcat/7.0.77
May 04, 2017 3:28:29 PM org.apache.catalina.startup.VersionLoggerListener log
INFO: Server built:          Mar 28 2017 16:01:48 UTC
May 04, 2017 3:28:29 PM org.apache.catalina.startup.VersionLoggerListener log
INFO: Server number:         7.0.77.0
May 04, 2017 3:28:29 PM org.apache.catalina.startup.VersionLoggerListener log
INFO: OS Name:               Mac OS X
May 04, 2017 3:28:29 PM org.apache.catalina.startup.VersionLoggerListener log
INFO: OS Version:            10.12.4
May 04, 2017 3:28:29 PM org.apache.catalina.startup.VersionLoggerListener log
INFO: Architecture:          x86_64
May 04, 2017 3:28:29 PM org.apache.catalina.startup.VersionLoggerListener log
INFO: Java Home:             /Library/Java/JavaVirtualMachines/jdk1.8.0_60.jdk/Contents/Home/jre
May 04, 2017 3:28:29 PM org.apache.catalina.startup.VersionLoggerListener log
INFO: JVM Version:           1.8.0_60-b27
May 04, 2017 3:28:29 PM org.apache.catalina.startup.VersionLoggerListener log
INFO: JVM Vendor:            Oracle Corporation
May 04, 2017 3:28:29 PM org.apache.catalina.startup.VersionLoggerListener log
INFO: CATALINA_BASE:         /Users/lakmal/Documents/work/workshop/apache-tomcat-7.0.77
May 04, 2017 3:28:29 PM org.apache.catalina.startup.VersionLoggerListener log
INFO: CATALINA_HOME:         /Users/lakmal/Documents/work/workshop/apache-tomcat-7.0.77
May 04, 2017 3:28:29 PM org.apache.catalina.startup.VersionLoggerListener log
INFO: Command line argument: -Djava.util.logging.config.file=/Users/lakmal/Documents/work/workshop/apache-tomcat-7.0.77/conf/logging.properties
May 04, 2017 3:28:29 PM org.apache.catalina.startup.VersionLoggerListener log
INFO: Command line argument: -Djava.util.logging.manager=org.apache.juli.ClassLoaderLogManager
May 04, 2017 3:28:29 PM org.apache.catalina.startup.VersionLoggerListener log
INFO: Command line argument: -Djdk.tls.ephemeralDHKeySize=2048
May 04, 2017 3:28:29 PM org.apache.catalina.startup.VersionLoggerListener log
INFO: Command line argument: -Djava.endorsed.dirs=/Users/lakmal/Documents/work/workshop/apache-tomcat-7.0.77/endorsed
May 04, 2017 3:28:29 PM org.apache.catalina.startup.VersionLoggerListener log
INFO: Command line argument: -Dcatalina.base=/Users/lakmal/Documents/work/workshop/apache-tomcat-7.0.77
May 04, 2017 3:28:29 PM org.apache.catalina.startup.VersionLoggerListener log
INFO: Command line argument: -Dcatalina.home=/Users/lakmal/Documents/work/workshop/apache-tomcat-7.0.77
May 04, 2017 3:28:29 PM org.apache.catalina.startup.VersionLoggerListener log
INFO: Command line argument: -Djava.io.tmpdir=/Users/lakmal/Documents/work/workshop/apache-tomcat-7.0.77/temp
May 04, 2017 3:28:29 PM org.apache.catalina.core.AprLifecycleListener lifecycleEvent
INFO: The APR based Apache Tomcat Native library which allows optimal performance in production environments was not found on the java.library.path: /Users/lakmal/Library/Java/Extensions:/Library/Java/Extensions:/Network/Library/Java/Extensions:/System/Library/Java/Extensions:/usr/lib/java:.
May 04, 2017 3:28:29 PM org.apache.coyote.AbstractProtocol init
INFO: Initializing ProtocolHandler ["http-bio-8080"]
May 04, 2017 3:28:29 PM org.apache.coyote.AbstractProtocol init
INFO: Initializing ProtocolHandler ["ajp-bio-8009"]
May 04, 2017 3:28:29 PM org.apache.catalina.startup.Catalina load
INFO: Initialization processed in 733 ms
May 04, 2017 3:28:29 PM org.apache.catalina.core.StandardService startInternal
INFO: Starting service Catalina
May 04, 2017 3:28:29 PM org.apache.catalina.core.StandardEngine startInternal
INFO: Starting Servlet Engine: Apache Tomcat/7.0.77
May 04, 2017 3:28:29 PM org.apache.catalina.startup.HostConfig deployDirectory
INFO: Deploying web application directory /Users/lakmal/Documents/work/workshop/apache-tomcat-7.0.77/webapps/docs
May 04, 2017 3:28:30 PM org.apache.catalina.startup.HostConfig deployDirectory
INFO: Deployment of web application directory /Users/lakmal/Documents/work/workshop/apache-tomcat-7.0.77/webapps/docs has finished in 280 ms
May 04, 2017 3:28:30 PM org.apache.catalina.startup.HostConfig deployDirectory
INFO: Deploying web application directory /Users/lakmal/Documents/work/workshop/apache-tomcat-7.0.77/webapps/examples
May 04, 2017 3:28:30 PM org.apache.catalina.startup.HostConfig deployDirectory
INFO: Deployment of web application directory /Users/lakmal/Documents/work/workshop/apache-tomcat-7.0.77/webapps/examples has finished in 228 ms
May 04, 2017 3:28:30 PM org.apache.catalina.startup.HostConfig deployDirectory
INFO: Deploying web application directory /Users/lakmal/Documents/work/workshop/apache-tomcat-7.0.77/webapps/host-manager
May 04, 2017 3:28:30 PM org.apache.catalina.startup.HostConfig deployDirectory
INFO: Deployment of web application directory /Users/lakmal/Documents/work/workshop/apache-tomcat-7.0.77/webapps/host-manager has finished in 33 ms
May 04, 2017 3:28:30 PM org.apache.catalina.startup.HostConfig deployDirectory
INFO: Deploying web application directory /Users/lakmal/Documents/work/workshop/apache-tomcat-7.0.77/webapps/manager
May 04, 2017 3:28:30 PM org.apache.catalina.startup.HostConfig deployDirectory
INFO: Deployment of web application directory /Users/lakmal/Documents/work/workshop/apache-tomcat-7.0.77/webapps/manager has finished in 29 ms
May 04, 2017 3:28:30 PM org.apache.catalina.startup.HostConfig deployDirectory
INFO: Deploying web application directory /Users/lakmal/Documents/work/workshop/apache-tomcat-7.0.77/webapps/ROOT
May 04, 2017 3:28:30 PM org.apache.catalina.startup.HostConfig deployDirectory
INFO: Deployment of web application directory /Users/lakmal/Documents/work/workshop/apache-tomcat-7.0.77/webapps/ROOT has finished in 24 ms
May 04, 2017 3:28:30 PM org.apache.coyote.AbstractProtocol start
INFO: Starting ProtocolHandler ["http-bio-8080"]
May 04, 2017 3:28:30 PM org.apache.coyote.AbstractProtocol start
INFO: Starting ProtocolHandler ["ajp-bio-8009"]
May 04, 2017 3:28:30 PM org.apache.catalina.startup.Catalina start
INFO: Server startup in 644 ms
May 04, 2017 3:28:43 PM org.apache.catalina.core.StandardServer await
INFO: A valid shutdown command was received via the shutdown port. Stopping the Server instance.
May 04, 2017 3:28:43 PM org.apache.coyote.AbstractProtocol pause
INFO: Pausing ProtocolHandler ["http-bio-8080"]
May 04, 2017 3:28:43 PM org.apache.coyote.AbstractProtocol pause
INFO: Pausing ProtocolHandler ["ajp-bio-8009"]
May 04, 2017 3:28:43 PM org.apache.catalina.core.StandardService stopInternal
INFO: Stopping service Catalina
May 04, 2017 3:28:43 PM org.apache.coyote.AbstractProtocol stop
INFO: Stopping ProtocolHandler ["http-bio-8080"]
May 04, 2017 3:28:43 PM org.apache.coyote.AbstractProtocol stop
INFO: Stopping ProtocolHandler ["ajp-bio-8009"]
May 04, 2017 3:28:43 PM org.apache.coyote.AbstractProtocol destroy
INFO: Destroying ProtocolHandler ["http-bio-8080"]
May 04, 2017 3:28:43 PM org.apache.coyote.AbstractProtocol destroy
INFO: Destroying ProtocolHandler ["ajp-bio-8009"]
May 04, 2017 6:29:21 PM org.apache.catalina.startup.VersionLoggerListener log
INFO: Server version:        Apache Tomcat/7.0.77
May 04, 2017 6:29:21 PM org.apache.catalina.startup.VersionLoggerListener log
INFO: Server built:          Mar 28 2017 16:01:48 UTC
May 04, 2017 6:29:21 PM org.apache.catalina.startup.VersionLoggerListener log
INFO: Server number:         7.0.77.0
May 04, 2017 6:29:21 PM org.apache.catalina.startup.VersionLoggerListener log
INFO: OS Name:               Mac OS X
May 04, 2017 6:29:21 PM org.apache.catalina.startup.VersionLoggerListener log
INFO: OS Version:            10.12.4
May 04, 2017 6:29:21 PM org.apache.catalina.startup.VersionLoggerListener log
INFO: Architecture:          x86_64
May 04, 2017 6:29:21 PM org.apache.catalina.startup.VersionLoggerListener log
INFO: Java Home:             /Library/Java/JavaVirtualMachines/jdk1.8.0_60.jdk/Contents/Home/jre
May 04, 2017 6:29:21 PM org.apache.catalina.startup.VersionLoggerListener log
INFO: JVM Version:           1.8.0_60-b27
May 04, 2017 6:29:21 PM org.apache.catalina.startup.VersionLoggerListener log
INFO: JVM Vendor:            Oracle Corporation
May 04, 2017 6:29:21 PM org.apache.catalina.startup.VersionLoggerListener log
INFO: CATALINA_BASE:         /Users/lakmal/Documents/work/workshop/apache-tomcat-7.0.77
May 04, 2017 6:29:21 PM org.apache.catalina.startup.VersionLoggerListener log
INFO: CATALINA_HOME:         /Users/lakmal/Documents/work/workshop/apache-tomcat-7.0.77
May 04, 2017 6:29:21 PM org.apache.catalina.startup.VersionLoggerListener log
INFO: Command line argument: -Djava.util.logging.config.file=/Users/lakmal/Documents/work/workshop/apache-tomcat-7.0.77/conf/logging.properties
May 04, 2017 6:29:21 PM org.apache.catalina.startup.VersionLoggerListener log
INFO: Command line argument: -Djava.util.logging.manager=org.apache.juli.ClassLoaderLogManager
May 04, 2017 6:29:21 PM org.apache.catalina.startup.VersionLoggerListener log
INFO: Command line argument: -Djdk.tls.ephemeralDHKeySize=2048
May 04, 2017 6:29:21 PM org.apache.catalina.startup.VersionLoggerListener log
INFO: Command line argument: -Djava.endorsed.dirs=/Users/lakmal/Documents/work/workshop/apache-tomcat-7.0.77/endorsed
May 04, 2017 6:29:21 PM org.apache.catalina.startup.VersionLoggerListener log
INFO: Command line argument: -Dcatalina.base=/Users/lakmal/Documents/work/workshop/apache-tomcat-7.0.77
May 04, 2017 6:29:21 PM org.apache.catalina.startup.VersionLoggerListener log
INFO: Command line argument: -Dcatalina.home=/Users/lakmal/Documents/work/workshop/apache-tomcat-7.0.77
May 04, 2017 6:29:21 PM org.apache.catalina.startup.VersionLoggerListener log
INFO: Command line argument: -Djava.io.tmpdir=/Users/lakmal/Documents/work/workshop/apache-tomcat-7.0.77/temp
May 04, 2017 6:29:21 PM org.apache.catalina.core.AprLifecycleListener lifecycleEvent
INFO: The APR based Apache Tomcat Native library which allows optimal performance in production environments was not found on the java.library.path: /Users/lakmal/Library/Java/Extensions:/Library/Java/Extensions:/Network/Library/Java/Extensions:/System/Library/Java/Extensions:/usr/lib/java:.
May 04, 2017 6:29:21 PM org.apache.coyote.AbstractProtocol init
INFO: Initializing ProtocolHandler ["http-bio-8080"]
May 04, 2017 6:29:21 PM org.apache.coyote.AbstractProtocol init
INFO: Initializing ProtocolHandler ["ajp-bio-8009"]
May 04, 2017 6:29:21 PM org.apache.catalina.startup.Catalina load
INFO: Initialization processed in 581 ms
May 04, 2017 6:29:21 PM org.apache.catalina.core.StandardService startInternal
INFO: Starting service Catalina
May 04, 2017 6:29:21 PM org.apache.catalina.core.StandardEngine startInternal
INFO: Starting Servlet Engine: Apache Tomcat/7.0.77
May 04, 2017 6:29:21 PM org.apache.catalina.startup.HostConfig deployWAR
INFO: Deploying web application archive /Users/lakmal/Documents/work/workshop/apache-tomcat-7.0.77/webapps/playground2.war
May 04, 2017 6:29:21 PM org.apache.catalina.loader.WebappClassLoaderBase validateJarFile
INFO: validateJarFile(/Users/lakmal/Documents/work/workshop/apache-tomcat-7.0.77/webapps/playground2/WEB-INF/lib/javax.servlet-3.0.0.v201112011016.jar) - jar not loaded. See Servlet Spec 3.0, section 10.7.2. Offending class: javax/servlet/Servlet.class
May 04, 2017 6:29:23 PM org.apache.catalina.startup.TldConfig execute
INFO: At least one JAR was scanned for TLDs yet contained no TLDs. Enable debug logging for this logger for a complete list of JARs that were scanned but no TLDs were found in them. Skipping unneeded JARs during scanning can improve startup time and JSP compilation time.
May 04, 2017 6:29:24 PM org.apache.catalina.startup.HostConfig deployWAR
INFO: Deployment of web application archive /Users/lakmal/Documents/work/workshop/apache-tomcat-7.0.77/webapps/playground2.war has finished in 2,839 ms
May 04, 2017 6:29:24 PM org.apache.catalina.startup.HostConfig deployDirectory
INFO: Deploying web application directory /Users/lakmal/Documents/work/workshop/apache-tomcat-7.0.77/webapps/docs
May 04, 2017 6:29:24 PM org.apache.catalina.startup.HostConfig deployDirectory
INFO: Deployment of web application directory /Users/lakmal/Documents/work/workshop/apache-tomcat-7.0.77/webapps/docs has finished in 22 ms
May 04, 2017 6:29:24 PM org.apache.catalina.startup.HostConfig deployDirectory
INFO: Deploying web application directory /Users/lakmal/Documents/work/workshop/apache-tomcat-7.0.77/webapps/examples
May 04, 2017 6:29:24 PM org.apache.catalina.startup.HostConfig deployDirectory
INFO: Deployment of web application directory /Users/lakmal/Documents/work/workshop/apache-tomcat-7.0.77/webapps/examples has finished in 147 ms
May 04, 2017 6:29:24 PM org.apache.catalina.startup.HostConfig deployDirectory
INFO: Deploying web application directory /Users/lakmal/Documents/work/workshop/apache-tomcat-7.0.77/webapps/host-manager
May 04, 2017 6:29:24 PM org.apache.catalina.startup.HostConfig deployDirectory
INFO: Deployment of web application directory /Users/lakmal/Documents/work/workshop/apache-tomcat-7.0.77/webapps/host-manager has finished in 31 ms
May 04, 2017 6:29:24 PM org.apache.catalina.startup.HostConfig deployDirectory
INFO: Deploying web application directory /Users/lakmal/Documents/work/workshop/apache-tomcat-7.0.77/webapps/manager
May 04, 2017 6:29:24 PM org.apache.catalina.startup.HostConfig deployDirectory
INFO: Deployment of web application directory /Users/lakmal/Documents/work/workshop/apache-tomcat-7.0.77/webapps/manager has finished in 24 ms
May 04, 2017 6:29:24 PM org.apache.catalina.startup.HostConfig deployDirectory
INFO: Deploying web application directory /Users/lakmal/Documents/work/workshop/apache-tomcat-7.0.77/webapps/ROOT
May 04, 2017 6:29:24 PM org.apache.catalina.startup.HostConfig deployDirectory
INFO: Deployment of web application directory /Users/lakmal/Documents/work/workshop/apache-tomcat-7.0.77/webapps/ROOT has finished in 19 ms
May 04, 2017 6:29:24 PM org.apache.coyote.AbstractProtocol start
INFO: Starting ProtocolHandler ["http-bio-8080"]
May 04, 2017 6:29:24 PM org.apache.coyote.AbstractProtocol start
INFO: Starting ProtocolHandler ["ajp-bio-8009"]
May 04, 2017 6:29:24 PM org.apache.catalina.startup.Catalina start
INFO: Server startup in 3137 ms
