May 06, 2017 8:35:28 AM org.apache.catalina.core.ApplicationContext log
INFO: SessionListener: contextDestroyed()
May 06, 2017 8:35:28 AM org.apache.catalina.core.ApplicationContext log
INFO: ContextListener: contextDestroyed()
May 06, 2017 11:34:40 AM org.apache.catalina.core.ApplicationContext log
INFO: ContextListener: contextInitialized()
May 06, 2017 11:34:40 AM org.apache.catalina.core.ApplicationContext log
INFO: SessionListener: contextInitialized()
May 06, 2017 11:34:40 AM org.apache.catalina.core.ApplicationContext log
INFO: ContextListener: attributeAdded('org.apache.jasper.compiler.TldLocationsCache', 'org.apache.jasper.compiler.TldLocationsCache@1474c8f7')
May 06, 2017 11:50:44 AM org.apache.catalina.core.ApplicationContext log
INFO: SessionListener: contextDestroyed()
May 06, 2017 11:50:44 AM org.apache.catalina.core.ApplicationContext log
INFO: ContextListener: contextDestroyed()
May 06, 2017 11:52:36 AM org.apache.catalina.core.ApplicationContext log
INFO: ContextListener: contextInitialized()
May 06, 2017 11:52:36 AM org.apache.catalina.core.ApplicationContext log
INFO: SessionListener: contextInitialized()
May 06, 2017 11:52:36 AM org.apache.catalina.core.ApplicationContext log
INFO: ContextListener: attributeAdded('org.apache.jasper.compiler.TldLocationsCache', 'org.apache.jasper.compiler.TldLocationsCache@2bad4895')
May 06, 2017 1:03:14 PM org.apache.catalina.core.ApplicationContext log
INFO: SessionListener: contextDestroyed()
May 06, 2017 1:03:14 PM org.apache.catalina.core.ApplicationContext log
INFO: ContextListener: contextDestroyed()
