May 08, 2017 12:16:47 PM org.apache.catalina.core.ApplicationContext log
INFO: ContextListener: contextInitialized()
May 08, 2017 12:16:47 PM org.apache.catalina.core.ApplicationContext log
INFO: SessionListener: contextInitialized()
May 08, 2017 12:16:47 PM org.apache.catalina.core.ApplicationContext log
INFO: ContextListener: attributeAdded('org.apache.jasper.compiler.TldLocationsCache', 'org.apache.jasper.compiler.TldLocationsCache@50f35e3d')
May 08, 2017 12:30:50 PM org.apache.catalina.core.ApplicationContext log
INFO: ContextListener: contextInitialized()
May 08, 2017 12:30:50 PM org.apache.catalina.core.ApplicationContext log
INFO: SessionListener: contextInitialized()
May 08, 2017 12:30:50 PM org.apache.catalina.core.ApplicationContext log
INFO: ContextListener: attributeAdded('org.apache.jasper.compiler.TldLocationsCache', 'org.apache.jasper.compiler.TldLocationsCache@6db0bd01')
May 08, 2017 12:32:59 PM org.apache.catalina.core.ApplicationContext log
INFO: SessionListener: contextDestroyed()
May 08, 2017 12:32:59 PM org.apache.catalina.core.ApplicationContext log
INFO: ContextListener: contextDestroyed()
May 08, 2017 12:33:38 PM org.apache.catalina.core.ApplicationContext log
INFO: ContextListener: contextInitialized()
May 08, 2017 12:33:38 PM org.apache.catalina.core.ApplicationContext log
INFO: SessionListener: contextInitialized()
May 08, 2017 12:33:38 PM org.apache.catalina.core.ApplicationContext log
INFO: ContextListener: attributeAdded('org.apache.jasper.compiler.TldLocationsCache', 'org.apache.jasper.compiler.TldLocationsCache@4d29bbd7')
